<?xml version="1.0" encoding="UTF-8"?>
<!-- Generated by org.testng.reporters.JUnitReportReporter -->
<testsuite hostname="DEEPIKAPATIL" failures="0" tests="1" name="qa.test.PracticeFormTest" time="76.771" errors="0" timestamp="2025-03-25T20:22:31 IST" skipped="0">
  <testcase classname="qa.test.PracticeFormTest" name="formRegistrationTest" time="76.771"/>
</testsuite> <!-- qa.test.PracticeFormTest -->
