<?xml version="1.0" encoding="UTF-8"?>
<!-- Generated by org.testng.reporters.JUnitReportReporter -->
<testsuite hostname="DEEPIKAPATIL" failures="0" tests="1" name="qa.test.PracticeFormTest" time="99.357" errors="0" timestamp="2025-03-25T19:48:56 IST" skipped="0">
  <testcase classname="qa.test.PracticeFormTest" name="formRegistrationTest" time="99.357"/>
</testsuite> <!-- qa.test.PracticeFormTest -->
